<?xml version="1.0" encoding="UTF-8"?>
<!-- Generated by org.testng.reporters.JUnitXMLReporter -->
<testsuite hostname="octi107.gmalv.grupomutual.com" name="Prueba de operaciones basicas" tests="5" failures="1" timestamp="12 Mar 2018 17:53:57 GMT" time="0.053" errors="0">
  <testcase name="testDivision" time="0.008" classname="PracticaEclipse.Unitarias.AritmeticaTest"/>
  <testcase name="testMultiplicacion" time="0.003" classname="PracticaEclipse.Unitarias.AritmeticaTest"/>
  <testcase name="testMultiplicacion2" time="0.001" classname="PracticaEclipse.Unitarias.AritmeticaTest"/>
  <testcase name="testResta" time="0.002" classname="PracticaEclipse.Unitarias.AritmeticaTest">
    <failure type="java.lang.AssertionError" message="No da el mismo resultado se espereba: 0">
      <![CDATA[java.lang.AssertionError: No da el mismo resultado se espereba: 0
	at PracticaEclipse.Unitarias.AritmeticaTest.testResta(AritmeticaTest.java:40)
... Removed 26 stack frames]]>
    </failure>
  </testcase> <!-- testResta -->
  <testcase name="testSuma" time="0.001" classname="PracticaEclipse.Unitarias.AritmeticaTest"/>
</testsuite> <!-- Prueba de operaciones basicas -->
